\BOOKMARK [0][-]{chapter.1}{\376\377\0001\000\040\000M\000o\000d\000u\000l\000e\000\040\000I\000n\000d\000e\000x}{}% 1
\BOOKMARK [1][-]{section.1.1}{\376\377\0001\000.\0001\000\040\000M\000o\000d\000u\000l\000e\000s}{chapter.1}% 2
\BOOKMARK [0][-]{chapter.2}{\376\377\0002\000\040\000N\000a\000m\000e\000s\000p\000a\000c\000e\000\040\000I\000n\000d\000e\000x}{}% 3
\BOOKMARK [1][-]{section.2.1}{\376\377\0002\000.\0001\000\040\000N\000a\000m\000e\000s\000p\000a\000c\000e\000\040\000L\000i\000s\000t}{chapter.2}% 4
\BOOKMARK [0][-]{chapter.3}{\376\377\0003\000\040\000C\000l\000a\000s\000s\000\040\000I\000n\000d\000e\000x}{}% 5
\BOOKMARK [1][-]{section.3.1}{\376\377\0003\000.\0001\000\040\000C\000l\000a\000s\000s\000\040\000L\000i\000s\000t}{chapter.3}% 6
\BOOKMARK [0][-]{chapter.4}{\376\377\0004\000\040\000F\000i\000l\000e\000\040\000I\000n\000d\000e\000x}{}% 7
\BOOKMARK [1][-]{section.4.1}{\376\377\0004\000.\0001\000\040\000F\000i\000l\000e\000\040\000L\000i\000s\000t}{chapter.4}% 8
\BOOKMARK [0][-]{chapter.5}{\376\377\0005\000\040\000M\000o\000d\000u\000l\000e\000\040\000D\000o\000c\000u\000m\000e\000n\000t\000a\000t\000i\000o\000n}{}% 9
\BOOKMARK [1][-]{section.5.1}{\376\377\0005\000.\0001\000\040\000M\000o\000v\000e\000m\000e\000n\000t\000\137\000c\000o\000m\000m\000a\000n\000d\000s}{chapter.5}% 10
\BOOKMARK [2][-]{subsection.5.1.1}{\376\377\0005\000.\0001\000.\0001\000\040\000D\000e\000t\000a\000i\000l\000e\000d\000\040\000D\000e\000s\000c\000r\000i\000p\000t\000i\000o\000n}{section.5.1}% 11
\BOOKMARK [1][-]{section.5.2}{\376\377\0005\000.\0002\000\040\000M\000o\000v\000e\000m\000e\000n\000t\000\137\000s\000e\000c\000u\000r\000i\000t\000y\000\137\000c\000o\000m\000m\000a\000n\000d\000s}{chapter.5}% 12
\BOOKMARK [2][-]{subsection.5.2.1}{\376\377\0005\000.\0002\000.\0001\000\040\000D\000e\000t\000a\000i\000l\000e\000d\000\040\000D\000e\000s\000c\000r\000i\000p\000t\000i\000o\000n}{section.5.2}% 13
\BOOKMARK [1][-]{section.5.3}{\376\377\0005\000.\0003\000\040\000P\000l\000a\000n\000n\000e\000r\000\137\000t\000o\000\137\000v\000i\000s\000i\000o\000n\000\137\000c\000o\000m\000m\000a\000n\000d\000s}{chapter.5}% 14
\BOOKMARK [2][-]{subsection.5.3.1}{\376\377\0005\000.\0003\000.\0001\000\040\000D\000e\000t\000a\000i\000l\000e\000d\000\040\000D\000e\000s\000c\000r\000i\000p\000t\000i\000o\000n}{section.5.3}% 15
\BOOKMARK [1][-]{section.5.4}{\376\377\0005\000.\0004\000\040\000P\000l\000a\000n\000n\000e\000r\000\137\000c\000o\000m\000m\000a\000n\000d\000s}{chapter.5}% 16
\BOOKMARK [2][-]{subsection.5.4.1}{\376\377\0005\000.\0004\000.\0001\000\040\000D\000e\000t\000a\000i\000l\000e\000d\000\040\000D\000e\000s\000c\000r\000i\000p\000t\000i\000o\000n}{section.5.4}% 17
\BOOKMARK [1][-]{section.5.5}{\376\377\0005\000.\0005\000\040\000P\000l\000a\000n\000n\000e\000r\000\137\000s\000e\000c\000u\000r\000i\000t\000y\000\137\000c\000o\000m\000m\000a\000n\000d\000s}{chapter.5}% 18
\BOOKMARK [2][-]{subsection.5.5.1}{\376\377\0005\000.\0005\000.\0001\000\040\000D\000e\000t\000a\000i\000l\000e\000d\000\040\000D\000e\000s\000c\000r\000i\000p\000t\000i\000o\000n}{section.5.5}% 19
\BOOKMARK [1][-]{section.5.6}{\376\377\0005\000.\0006\000\040\000P\000l\000a\000n\000n\000e\000r\000\137\000r\000e\000s\000u\000l\000t\000\137\000t\000y\000p\000e}{chapter.5}% 20
\BOOKMARK [2][-]{subsection.5.6.1}{\376\377\0005\000.\0006\000.\0001\000\040\000D\000e\000t\000a\000i\000l\000e\000d\000\040\000D\000e\000s\000c\000r\000i\000p\000t\000i\000o\000n}{section.5.6}% 21
\BOOKMARK [1][-]{section.5.7}{\376\377\0005\000.\0007\000\040\000P\000l\000a\000n\000n\000e\000r\000\137\000r\000e\000l\000o\000c\000a\000t\000i\000o\000n\000\137\000c\000l\000a\000s\000s\000e\000s}{chapter.5}% 22
\BOOKMARK [2][-]{subsection.5.7.1}{\376\377\0005\000.\0007\000.\0001\000\040\000D\000e\000t\000a\000i\000l\000e\000d\000\040\000D\000e\000s\000c\000r\000i\000p\000t\000i\000o\000n}{section.5.7}% 23
\BOOKMARK [1][-]{section.5.8}{\376\377\0005\000.\0008\000\040\000a\000s\000s\000i\000g\000n\000m\000e\000n\000t\000s}{chapter.5}% 24
\BOOKMARK [2][-]{subsection.5.8.1}{\376\377\0005\000.\0008\000.\0001\000\040\000D\000e\000t\000a\000i\000l\000e\000d\000\040\000D\000e\000s\000c\000r\000i\000p\000t\000i\000o\000n}{section.5.8}% 25
\BOOKMARK [1][-]{section.5.9}{\376\377\0005\000.\0009\000\040\000s\000p\000e\000c\000i\000a\000l\000s}{chapter.5}% 26
\BOOKMARK [2][-]{subsection.5.9.1}{\376\377\0005\000.\0009\000.\0001\000\040\000D\000e\000t\000a\000i\000l\000e\000d\000\040\000D\000e\000s\000c\000r\000i\000p\000t\000i\000o\000n}{section.5.9}% 27
\BOOKMARK [0][-]{chapter.6}{\376\377\0006\000\040\000N\000a\000m\000e\000s\000p\000a\000c\000e\000\040\000D\000o\000c\000u\000m\000e\000n\000t\000a\000t\000i\000o\000n}{}% 28
\BOOKMARK [1][-]{section.6.1}{\376\377\0006\000.\0001\000\040\000v\000i\000s\000i\000o\000n\000\040\000N\000a\000m\000e\000s\000p\000a\000c\000e\000\040\000R\000e\000f\000e\000r\000e\000n\000c\000e}{chapter.6}% 29
\BOOKMARK [2][-]{subsection.6.1.1}{\376\377\0006\000.\0001\000.\0001\000\040\000D\000e\000t\000a\000i\000l\000e\000d\000\040\000D\000e\000s\000c\000r\000i\000p\000t\000i\000o\000n}{section.6.1}% 30
\BOOKMARK [2][-]{subsection.6.1.2}{\376\377\0006\000.\0001\000.\0002\000\040\000F\000u\000n\000c\000t\000i\000o\000n\000\040\000D\000o\000c\000u\000m\000e\000n\000t\000a\000t\000i\000o\000n}{section.6.1}% 31
\BOOKMARK [3][-]{subsubsection.6.1.2.1}{\376\377\0006\000.\0001\000.\0002\000.\0001\000\040\000d\000e\000t\000e\000c\000t\000R\000e\000s\000u\000l\000t\000e\000r\000C\000a\000l\000l\000b\000a\000c\000k\000\050\000\051}{subsection.6.1.2}% 32
\BOOKMARK [3][-]{subsubsection.6.1.2.2}{\376\377\0006\000.\0001\000.\0002\000.\0002\000\040\000p\000o\000i\000n\000t\000C\000l\000o\000u\000d\000C\000a\000l\000l\000B\000a\000c\000k\000\050\000\051}{subsection.6.1.2}% 33
\BOOKMARK [3][-]{subsubsection.6.1.2.3}{\376\377\0006\000.\0001\000.\0002\000.\0003\000\040\000s\000u\000b\000R\000e\000c\000e\000i\000v\000e\000I\000m\000a\000g\000e\000\050\000\051}{subsection.6.1.2}% 34
\BOOKMARK [0][-]{chapter.7}{\376\377\0007\000\040\000C\000l\000a\000s\000s\000\040\000D\000o\000c\000u\000m\000e\000n\000t\000a\000t\000i\000o\000n}{}% 35
\BOOKMARK [1][-]{section.7.1}{\376\377\0007\000.\0001\000\040\000e\000n\000d\000\137\000e\000f\000f\000e\000c\000t\000o\000r\000\040\000S\000t\000r\000u\000c\000t\000\040\000R\000e\000f\000e\000r\000e\000n\000c\000e}{chapter.7}% 36
\BOOKMARK [2][-]{subsection.7.1.1}{\376\377\0007\000.\0001\000.\0001\000\040\000D\000e\000t\000a\000i\000l\000e\000d\000\040\000D\000e\000s\000c\000r\000i\000p\000t\000i\000o\000n}{section.7.1}% 37
\BOOKMARK [1][-]{section.7.2}{\376\377\0007\000.\0002\000\040\000E\000x\000e\000c\000u\000t\000i\000n\000g\000T\000a\000s\000k\000\040\000S\000t\000r\000u\000c\000t\000\040\000R\000e\000f\000e\000r\000e\000n\000c\000e}{chapter.7}% 38
\BOOKMARK [2][-]{subsection.7.2.1}{\376\377\0007\000.\0002\000.\0001\000\040\000D\000e\000t\000a\000i\000l\000e\000d\000\040\000D\000e\000s\000c\000r\000i\000p\000t\000i\000o\000n}{section.7.2}% 39
\BOOKMARK [1][-]{section.7.3}{\376\377\0007\000.\0003\000\040\000r\000e\000c\000o\000g\000n\000i\000s\000e\000L\000e\000g\000o\000.\000L\000e\000g\000o\000\040\000C\000l\000a\000s\000s\000\040\000R\000e\000f\000e\000r\000e\000n\000c\000e}{chapter.7}% 40
\BOOKMARK [2][-]{subsection.7.3.1}{\376\377\0007\000.\0003\000.\0001\000\040\000D\000e\000t\000a\000i\000l\000e\000d\000\040\000D\000e\000s\000c\000r\000i\000p\000t\000i\000o\000n}{section.7.3}% 41
\BOOKMARK [2][-]{subsection.7.3.2}{\376\377\0007\000.\0003\000.\0002\000\040\000C\000o\000n\000s\000t\000r\000u\000c\000t\000o\000r\000\040\000\046\000\040\000D\000e\000s\000t\000r\000u\000c\000t\000o\000r\000\040\000D\000o\000c\000u\000m\000e\000n\000t\000a\000t\000i\000o\000n}{section.7.3}% 42
\BOOKMARK [3][-]{subsubsection.7.3.2.1}{\376\377\0007\000.\0003\000.\0002\000.\0001\000\040\000\137\000\137\000i\000n\000i\000t\000\137\000\137\000\050\000\051}{subsection.7.3.2}% 43
\BOOKMARK [1][-]{section.7.4}{\376\377\0007\000.\0004\000\040\000o\000b\000j\000e\000c\000t\000P\000o\000s\000i\000t\000i\000o\000n\000O\000r\000i\000e\000n\000t\000a\000t\000i\000o\000n\000\040\000S\000t\000r\000u\000c\000t\000\040\000R\000e\000f\000e\000r\000e\000n\000c\000e}{chapter.7}% 44
\BOOKMARK [2][-]{subsection.7.4.1}{\376\377\0007\000.\0004\000.\0001\000\040\000D\000e\000t\000a\000i\000l\000e\000d\000\040\000D\000e\000s\000c\000r\000i\000p\000t\000i\000o\000n}{section.7.4}% 45
\BOOKMARK [1][-]{section.7.5}{\376\377\0007\000.\0005\000\040\000r\000e\000c\000o\000g\000n\000i\000s\000e\000A\000r\000e\000a\000.\000R\000e\000c\000o\000g\000n\000i\000s\000e\000A\000r\000e\000a\000\040\000C\000l\000a\000s\000s\000\040\000R\000e\000f\000e\000r\000e\000n\000c\000e}{chapter.7}% 46
\BOOKMARK [2][-]{subsection.7.5.1}{\376\377\0007\000.\0005\000.\0001\000\040\000D\000e\000t\000a\000i\000l\000e\000d\000\040\000D\000e\000s\000c\000r\000i\000p\000t\000i\000o\000n}{section.7.5}% 47
\BOOKMARK [2][-]{subsection.7.5.2}{\376\377\0007\000.\0005\000.\0002\000\040\000C\000o\000n\000s\000t\000r\000u\000c\000t\000o\000r\000\040\000\046\000\040\000D\000e\000s\000t\000r\000u\000c\000t\000o\000r\000\040\000D\000o\000c\000u\000m\000e\000n\000t\000a\000t\000i\000o\000n}{section.7.5}% 48
\BOOKMARK [3][-]{subsubsection.7.5.2.1}{\376\377\0007\000.\0005\000.\0002\000.\0001\000\040\000\137\000\137\000i\000n\000i\000t\000\137\000\137\000\050\000\051}{subsection.7.5.2}% 49
\BOOKMARK [2][-]{subsection.7.5.3}{\376\377\0007\000.\0005\000.\0003\000\040\000M\000e\000m\000b\000e\000r\000\040\000F\000u\000n\000c\000t\000i\000o\000n\000\040\000D\000o\000c\000u\000m\000e\000n\000t\000a\000t\000i\000o\000n}{section.7.5}% 50
\BOOKMARK [3][-]{subsubsection.7.5.3.1}{\376\377\0007\000.\0005\000.\0003\000.\0001\000\040\000e\000x\000e\000c\000u\000t\000e\000\050\000\051}{subsection.7.5.3}% 51
\BOOKMARK [1][-]{section.7.6}{\376\377\0007\000.\0006\000\040\000r\000e\000c\000o\000g\000n\000i\000s\000e\000L\000e\000g\000o\000.\000R\000e\000c\000o\000g\000n\000i\000s\000e\000L\000e\000g\000o\000\040\000C\000l\000a\000s\000s\000\040\000R\000e\000f\000e\000r\000e\000n\000c\000e}{chapter.7}% 52
\BOOKMARK [2][-]{subsection.7.6.1}{\376\377\0007\000.\0006\000.\0001\000\040\000D\000e\000t\000a\000i\000l\000e\000d\000\040\000D\000e\000s\000c\000r\000i\000p\000t\000i\000o\000n}{section.7.6}% 53
\BOOKMARK [2][-]{subsection.7.6.2}{\376\377\0007\000.\0006\000.\0002\000\040\000C\000o\000n\000s\000t\000r\000u\000c\000t\000o\000r\000\040\000\046\000\040\000D\000e\000s\000t\000r\000u\000c\000t\000o\000r\000\040\000D\000o\000c\000u\000m\000e\000n\000t\000a\000t\000i\000o\000n}{section.7.6}% 54
\BOOKMARK [3][-]{subsubsection.7.6.2.1}{\376\377\0007\000.\0006\000.\0002\000.\0001\000\040\000\137\000\137\000i\000n\000i\000t\000\137\000\137\000\050\000\051}{subsection.7.6.2}% 55
\BOOKMARK [2][-]{subsection.7.6.3}{\376\377\0007\000.\0006\000.\0003\000\040\000M\000e\000m\000b\000e\000r\000\040\000F\000u\000n\000c\000t\000i\000o\000n\000\040\000D\000o\000c\000u\000m\000e\000n\000t\000a\000t\000i\000o\000n}{section.7.6}% 56
\BOOKMARK [3][-]{subsubsection.7.6.3.1}{\376\377\0007\000.\0006\000.\0003\000.\0001\000\040\000d\000e\000t\000e\000c\000t\000A\000r\000e\000a\000\050\000\051}{subsection.7.6.3}% 57
\BOOKMARK [3][-]{subsubsection.7.6.3.2}{\376\377\0007\000.\0006\000.\0003\000.\0002\000\040\000d\000e\000t\000e\000c\000t\000L\000e\000g\000o\000s\000\050\000\051}{subsection.7.6.3}% 58
\BOOKMARK [1][-]{section.7.7}{\376\377\0007\000.\0007\000\040\000s\000p\000a\000w\000n\000e\000d\000L\000e\000g\000o\000\040\000S\000t\000r\000u\000c\000t\000\040\000R\000e\000f\000e\000r\000e\000n\000c\000e}{chapter.7}% 59
\BOOKMARK [1][-]{section.7.8}{\376\377\0007\000.\0008\000\040\000W\000a\000i\000t\000i\000n\000g\000T\000a\000s\000k\000\040\000S\000t\000r\000u\000c\000t\000\040\000R\000e\000f\000e\000r\000e\000n\000c\000e}{chapter.7}% 60
\BOOKMARK [2][-]{subsection.7.8.1}{\376\377\0007\000.\0008\000.\0001\000\040\000D\000e\000t\000a\000i\000l\000e\000d\000\040\000D\000e\000s\000c\000r\000i\000p\000t\000i\000o\000n}{section.7.8}% 61
\BOOKMARK [0][-]{chapter.8}{\376\377\0008\000\040\000F\000i\000l\000e\000\040\000D\000o\000c\000u\000m\000e\000n\000t\000a\000t\000i\000o\000n}{}% 62
\BOOKMARK [1][-]{section.8.1}{\376\377\0008\000.\0001\000\040\000k\000i\000n\000e\000t\000i\000c\000s\000.\000h\000\040\000F\000i\000l\000e\000\040\000R\000e\000f\000e\000r\000e\000n\000c\000e}{chapter.8}% 63
\BOOKMARK [2][-]{subsection.8.1.1}{\376\377\0008\000.\0001\000.\0001\000\040\000D\000e\000t\000a\000i\000l\000e\000d\000\040\000D\000e\000s\000c\000r\000i\000p\000t\000i\000o\000n}{section.8.1}% 64
\BOOKMARK [2][-]{subsection.8.1.2}{\376\377\0008\000.\0001\000.\0002\000\040\000F\000u\000n\000c\000t\000i\000o\000n\000\040\000D\000o\000c\000u\000m\000e\000n\000t\000a\000t\000i\000o\000n}{section.8.1}% 65
\BOOKMARK [3][-]{subsubsection.8.1.2.1}{\376\377\0008\000.\0001\000.\0002\000.\0001\000\040\000c\000o\000r\000r\000e\000c\000t\000O\000r\000i\000e\000n\000t\000a\000t\000i\000o\000n\000\050\000\051}{subsection.8.1.2}% 66
\BOOKMARK [3][-]{subsubsection.8.1.2.2}{\376\377\0008\000.\0001\000.\0002\000.\0002\000\040\000d\000i\000r\000e\000c\000t\000K\000i\000n\000e\000m\000a\000t\000i\000c\000\050\000\051}{subsection.8.1.2}% 67
\BOOKMARK [3][-]{subsubsection.8.1.2.3}{\376\377\0008\000.\0001\000.\0002\000.\0003\000\040\000i\000n\000v\000e\000r\000s\000e\000K\000i\000n\000e\000m\000a\000t\000i\000c\000\050\000\051}{subsection.8.1.2}% 68
\BOOKMARK [3][-]{subsubsection.8.1.2.4}{\376\377\0008\000.\0001\000.\0002\000.\0004\000\040\000j\000a\000c\000o\000b\000M\000a\000t\000r\000i\000x\000\050\000\051}{subsection.8.1.2}% 69
\BOOKMARK [3][-]{subsubsection.8.1.2.5}{\376\377\0008\000.\0001\000.\0002\000.\0005\000\040\000j\000o\000i\000n\000t\0001\000T\000r\000a\000n\000s\000f\000\050\000\051}{subsection.8.1.2}% 70
\BOOKMARK [3][-]{subsubsection.8.1.2.6}{\376\377\0008\000.\0001\000.\0002\000.\0006\000\040\000j\000o\000i\000n\000t\0002\000T\000r\000a\000n\000s\000f\000\050\000\051}{subsection.8.1.2}% 71
\BOOKMARK [3][-]{subsubsection.8.1.2.7}{\376\377\0008\000.\0001\000.\0002\000.\0007\000\040\000j\000o\000i\000n\000t\0003\000T\000r\000a\000n\000s\000f\000\050\000\051}{subsection.8.1.2}% 72
\BOOKMARK [3][-]{subsubsection.8.1.2.8}{\376\377\0008\000.\0001\000.\0002\000.\0008\000\040\000j\000o\000i\000n\000t\0004\000T\000r\000a\000n\000s\000f\000\050\000\051}{subsection.8.1.2}% 73
\BOOKMARK [3][-]{subsubsection.8.1.2.9}{\376\377\0008\000.\0001\000.\0002\000.\0009\000\040\000j\000o\000i\000n\000t\0005\000T\000r\000a\000n\000s\000f\000\050\000\051}{subsection.8.1.2}% 74
\BOOKMARK [3][-]{subsubsection.8.1.2.10}{\376\377\0008\000.\0001\000.\0002\000.\0001\0000\000\040\000j\000o\000i\000n\000t\0006\000T\000r\000a\000n\000s\000f\000\050\000\051}{subsection.8.1.2}% 75
\BOOKMARK [3][-]{subsubsection.8.1.2.11}{\376\377\0008\000.\0001\000.\0002\000.\0001\0001\000\040\000o\000r\000i\000e\000n\000t\0002\000m\000a\000t\000r\000i\000x\000\050\000\051}{subsection.8.1.2}% 76
\BOOKMARK [1][-]{section.8.2}{\376\377\0008\000.\0002\000\040\000k\000i\000n\000e\000t\000i\000c\000s\000.\000h}{chapter.8}% 77
\BOOKMARK [1][-]{section.8.3}{\376\377\0008\000.\0003\000\040\000m\000o\000v\000e\000m\000e\000n\000t\000.\000c\000p\000p\000\040\000F\000i\000l\000e\000\040\000R\000e\000f\000e\000r\000e\000n\000c\000e}{chapter.8}% 78
\BOOKMARK [2][-]{subsection.8.3.1}{\376\377\0008\000.\0003\000.\0001\000\040\000D\000e\000t\000a\000i\000l\000e\000d\000\040\000D\000e\000s\000c\000r\000i\000p\000t\000i\000o\000n}{section.8.3}% 79
\BOOKMARK [2][-]{subsection.8.3.2}{\376\377\0008\000.\0003\000.\0002\000\040\000M\000a\000c\000r\000o\000\040\000D\000e\000f\000i\000n\000i\000t\000i\000o\000n\000\040\000D\000o\000c\000u\000m\000e\000n\000t\000a\000t\000i\000o\000n}{section.8.3}% 80
\BOOKMARK [3][-]{subsubsection.8.3.2.1}{\376\377\0008\000.\0003\000.\0002\000.\0001\000\040\000c\000l\000i\000e\000n\000t\000\137\000g\000r\000i\000p\000p\000e\000r\000\137\000c\000o\000m\000m\000a\000n\000d\000e\000r}{subsection.8.3.2}% 81
\BOOKMARK [3][-]{subsubsection.8.3.2.2}{\376\377\0008\000.\0003\000.\0002\000.\0002\000\040\000n\000o\000d\000e\000\137\000n\000a\000m\000e}{subsection.8.3.2}% 82
\BOOKMARK [3][-]{subsubsection.8.3.2.3}{\376\377\0008\000.\0003\000.\0002\000.\0003\000\040\000p\000u\000b\000\137\000j\000o\000i\000n\000t\000\137\000c\000o\000m\000m\000a\000n\000d\000e\000r}{subsection.8.3.2}% 83
\BOOKMARK [3][-]{subsubsection.8.3.2.4}{\376\377\0008\000.\0003\000.\0002\000.\0004\000\040\000p\000u\000b\000\137\000t\000a\000s\000k\000\137\000r\000e\000s\000u\000l\000t\000e\000r}{subsection.8.3.2}% 84
\BOOKMARK [3][-]{subsubsection.8.3.2.5}{\376\377\0008\000.\0003\000.\0002\000.\0005\000\040\000s\000u\000b\000\137\000t\000a\000s\000k\000\137\000c\000o\000m\000m\000a\000n\000d\000e\000r}{subsection.8.3.2}% 85
\BOOKMARK [2][-]{subsection.8.3.3}{\376\377\0008\000.\0003\000.\0003\000\040\000V\000a\000r\000i\000a\000b\000l\000e\000\040\000D\000o\000c\000u\000m\000e\000n\000t\000a\000t\000i\000o\000n}{section.8.3}% 86
\BOOKMARK [3][-]{subsubsection.8.3.3.1}{\376\377\0008\000.\0003\000.\0003\000.\0001\000\040\000c\000l\000i\000e\000n\000t\000\137\000g\000r\000i\000p\000p\000e\000r\000\137\000c\000o\000m\000m\000a\000n\000d\000e\000r\000\137\000h\000a\000n\000d\000l\000e}{subsection.8.3.3}% 87
\BOOKMARK [3][-]{subsubsection.8.3.3.2}{\376\377\0008\000.\0003\000.\0003\000.\0002\000\040\000e\000v\000e\000n\000t\000o}{subsection.8.3.3}% 88
\BOOKMARK [3][-]{subsubsection.8.3.3.3}{\376\377\0008\000.\0003\000.\0003\000.\0003\000\040\000p\000l\000a\000n\000n\000e\000r\000\137\000e\000s\000e\000g\000u\000e\000n\000d\000o}{subsection.8.3.3}% 89
\BOOKMARK [3][-]{subsubsection.8.3.3.4}{\376\377\0008\000.\0003\000.\0003\000.\0004\000\040\000p\000u\000b\000\137\000j\000o\000i\000n\000t\000\137\000c\000o\000m\000m\000a\000n\000d\000e\000r\000\137\000h\000a\000n\000d\000l\000e}{subsection.8.3.3}% 90
\BOOKMARK [3][-]{subsubsection.8.3.3.5}{\376\377\0008\000.\0003\000.\0003\000.\0005\000\040\000p\000u\000b\000\137\000t\000a\000s\000k\000\137\000r\000e\000s\000u\000l\000t\000e\000r\000\137\000h\000a\000n\000d\000l\000e}{subsection.8.3.3}% 91
\BOOKMARK [3][-]{subsubsection.8.3.3.6}{\376\377\0008\000.\0003\000.\0003\000.\0006\000\040\000r\000i\000s\000u\000l\000t\000a\000t\000o\000\137\000v\000a\000r}{subsection.8.3.3}% 92
\BOOKMARK [3][-]{subsubsection.8.3.3.7}{\376\377\0008\000.\0003\000.\0003\000.\0007\000\040\000s\000u\000b\000\137\000t\000a\000s\000k\000\137\000c\000o\000m\000m\000a\000n\000d\000e\000r\000\137\000h\000a\000n\000d\000l\000e}{subsection.8.3.3}% 93
\BOOKMARK [3][-]{subsubsection.8.3.3.8}{\376\377\0008\000.\0003\000.\0003\000.\0008\000\040\000t\000a\000s\000k\000\137\000c\000o\000m\000m\000a\000n\000d}{subsection.8.3.3}% 94
\BOOKMARK [1][-]{section.8.4}{\376\377\0008\000.\0004\000\040\000p\000l\000a\000n\000n\000e\000r\000.\000c\000p\000p\000\040\000F\000i\000l\000e\000\040\000R\000e\000f\000e\000r\000e\000n\000c\000e}{chapter.8}% 95
\BOOKMARK [2][-]{subsection.8.4.1}{\376\377\0008\000.\0004\000.\0001\000\040\000D\000e\000t\000a\000i\000l\000e\000d\000\040\000D\000e\000s\000c\000r\000i\000p\000t\000i\000o\000n}{section.8.4}% 96
\BOOKMARK [2][-]{subsection.8.4.2}{\376\377\0008\000.\0004\000.\0002\000\040\000M\000a\000c\000r\000o\000\040\000D\000e\000f\000i\000n\000i\000t\000i\000o\000n\000\040\000D\000o\000c\000u\000m\000e\000n\000t\000a\000t\000i\000o\000n}{section.8.4}% 97
\BOOKMARK [3][-]{subsubsection.8.4.2.1}{\376\377\0008\000.\0004\000.\0002\000.\0001\000\040\000d\000e\000f\000a\000u\000l\000t\000\137\000c\000a\000m\0002\000s\000i\000m\000\137\000m\000a\000t\000r\000i\000x}{subsection.8.4.2}% 98
\BOOKMARK [3][-]{subsubsection.8.4.2.2}{\376\377\0008\000.\0004\000.\0002\000.\0002\000\040\000d\000e\000f\000a\000u\000l\000t\000\137\000s\000i\000m\0002\000b\000a\000s\000\137\000m\000a\000t\000r\000i\000x}{subsection.8.4.2}% 99
\BOOKMARK [2][-]{subsection.8.4.3}{\376\377\0008\000.\0004\000.\0003\000\040\000V\000a\000r\000i\000a\000b\000l\000e\000\040\000D\000o\000c\000u\000m\000e\000n\000t\000a\000t\000i\000o\000n}{section.8.4}% 100
\BOOKMARK [3][-]{subsubsection.8.4.3.1}{\376\377\0008\000.\0004\000.\0003\000.\0001\000\040\000m\000o\000v\000e\000m\000e\000n\000t\000\137\000t\000a\000s\000k}{subsection.8.4.3}% 101
\BOOKMARK [1][-]{section.8.5}{\376\377\0008\000.\0005\000\040\000r\000e\000c\000o\000g\000n\000i\000s\000e\000A\000r\000e\000a\000.\000p\000y\000\040\000F\000i\000l\000e\000\040\000R\000e\000f\000e\000r\000e\000n\000c\000e}{chapter.8}% 102
\BOOKMARK [2][-]{subsection.8.5.1}{\376\377\0008\000.\0005\000.\0001\000\040\000D\000e\000t\000a\000i\000l\000e\000d\000\040\000D\000e\000s\000c\000r\000i\000p\000t\000i\000o\000n}{section.8.5}% 103
\BOOKMARK [1][-]{section.8.6}{\376\377\0008\000.\0006\000\040\000r\000e\000c\000o\000g\000n\000i\000s\000e\000L\000e\000g\000o\000.\000p\000y\000\040\000F\000i\000l\000e\000\040\000R\000e\000f\000e\000r\000e\000n\000c\000e}{chapter.8}% 104
\BOOKMARK [2][-]{subsection.8.6.1}{\376\377\0008\000.\0006\000.\0001\000\040\000D\000e\000t\000a\000i\000l\000e\000d\000\040\000D\000e\000s\000c\000r\000i\000p\000t\000i\000o\000n}{section.8.6}% 105
\BOOKMARK [2][-]{subsection.8.6.2}{\376\377\0008\000.\0006\000.\0002\000\040\000V\000a\000r\000i\000a\000b\000l\000e\000\040\000D\000o\000c\000u\000m\000e\000n\000t\000a\000t\000i\000o\000n}{section.8.6}% 106
\BOOKMARK [3][-]{subsubsection.8.6.2.1}{\376\377\0008\000.\0006\000.\0002\000.\0001\000\040\000l\000e\000g\000o\000\137\000m\000o\000d\000e\000l\000s\000\137\000l\000i\000s\000t}{subsection.8.6.2}% 107
\BOOKMARK [1][-]{section.8.7}{\376\377\0008\000.\0007\000\040\000s\000p\000a\000w\000n\000L\000e\000g\000o\000.\000c\000p\000p\000\040\000F\000i\000l\000e\000\040\000R\000e\000f\000e\000r\000e\000n\000c\000e}{chapter.8}% 108
\BOOKMARK [2][-]{subsection.8.7.1}{\376\377\0008\000.\0007\000.\0001\000\040\000D\000e\000t\000a\000i\000l\000e\000d\000\040\000D\000e\000s\000c\000r\000i\000p\000t\000i\000o\000n}{section.8.7}% 109
\BOOKMARK [2][-]{subsection.8.7.2}{\376\377\0008\000.\0007\000.\0002\000\040\000F\000u\000n\000c\000t\000i\000o\000n\000\040\000D\000o\000c\000u\000m\000e\000n\000t\000a\000t\000i\000o\000n}{section.8.7}% 110
\BOOKMARK [3][-]{subsubsection.8.7.2.1}{\376\377\0008\000.\0007\000.\0002\000.\0001\000\040\000c\000a\000l\000c\000u\000l\000a\000t\000e\000R\000a\000n\000d\000o\000m\000O\000r\000\050\000\051}{subsection.8.7.2}% 111
\BOOKMARK [3][-]{subsubsection.8.7.2.2}{\376\377\0008\000.\0007\000.\0002\000.\0002\000\040\000c\000a\000l\000c\000u\000l\000a\000t\000e\000R\000a\000n\000d\000o\000m\000P\000o\000s\000e\000\050\000\051}{subsection.8.7.2}% 112
\BOOKMARK [3][-]{subsubsection.8.7.2.3}{\376\377\0008\000.\0007\000.\0002\000.\0003\000\040\000c\000h\000e\000c\000k\000C\000o\000l\000l\000i\000t\000i\000o\000n\000s\000\050\000\051}{subsection.8.7.2}% 113
\BOOKMARK [3][-]{subsubsection.8.7.2.4}{\376\377\0008\000.\0007\000.\0002\000.\0004\000\040\000g\000e\000t\000M\000o\000d\000e\000l\000X\000M\000L\000\050\000\051}{subsection.8.7.2}% 114
\BOOKMARK [3][-]{subsubsection.8.7.2.5}{\376\377\0008\000.\0007\000.\0002\000.\0005\000\040\000o\000b\000j\000e\000c\000t\000D\000i\000s\000t\000a\000n\000c\000e\000\050\000\051}{subsection.8.7.2}% 115
\BOOKMARK [3][-]{subsubsection.8.7.2.6}{\376\377\0008\000.\0007\000.\0002\000.\0006\000\040\000p\000u\000b\000S\000p\000a\000w\000n\000e\000r\000A\000c\000k\000\050\000\051}{subsection.8.7.2}% 116
\BOOKMARK [3][-]{subsubsection.8.7.2.7}{\376\377\0008\000.\0007\000.\0002\000.\0007\000\040\000r\000a\000n\000d\000o\000m\000I\000n\000I\000n\000t\000e\000r\000v\000a\000l\000\050\000\051}{subsection.8.7.2}% 117
\BOOKMARK [3][-]{subsubsection.8.7.2.8}{\376\377\0008\000.\0007\000.\0002\000.\0008\000\040\000r\000a\000n\000d\000o\000m\000N\000u\000m\000b\000e\000r\000\050\000\051}{subsection.8.7.2}% 118
\BOOKMARK [3][-]{subsubsection.8.7.2.9}{\376\377\0008\000.\0007\000.\0002\000.\0009\000\040\000r\000e\000a\000d\000P\000a\000r\000a\000m\000s\000\050\000\051}{subsection.8.7.2}% 119
\BOOKMARK [3][-]{subsubsection.8.7.2.10}{\376\377\0008\000.\0007\000.\0002\000.\0001\0000\000\040\000s\000e\000t\000C\000o\000l\000o\000u\000r\000\050\000\051}{subsection.8.7.2}% 120
\BOOKMARK [3][-]{subsubsection.8.7.2.11}{\376\377\0008\000.\0007\000.\0002\000.\0001\0001\000\040\000s\000p\000a\000w\000n\000L\000e\000g\000o\000\050\000\051}{subsection.8.7.2}% 121
\BOOKMARK [3][-]{subsubsection.8.7.2.12}{\376\377\0008\000.\0007\000.\0002\000.\0001\0002\000\040\000s\000u\000b\000S\000p\000a\000w\000n\000C\000o\000m\000m\000a\000n\000d\000e\000r\000C\000a\000l\000l\000b\000a\000c\000k\000\050\000\051}{subsection.8.7.2}% 122
\BOOKMARK [1][-]{section.8.8}{\376\377\0008\000.\0008\000\040\000v\000i\000s\000i\000o\000n\000.\000p\000y\000\040\000F\000i\000l\000e\000\040\000R\000e\000f\000e\000r\000e\000n\000c\000e}{chapter.8}% 123
\BOOKMARK [2][-]{subsection.8.8.1}{\376\377\0008\000.\0008\000.\0001\000\040\000D\000e\000t\000a\000i\000l\000e\000d\000\040\000D\000e\000s\000c\000r\000i\000p\000t\000i\000o\000n}{section.8.8}% 124
\BOOKMARK [0][-]{section*.45}{\376\377\000I\000n\000d\000e\000x}{}% 125
